<?xml version="1.0" encoding="UTF-8"?>
<testsuites>
  <testsuite name="Unit tests" tests="7" assertions="13" errors="0" failures="0" skipped="0" time="0.027025">
    <testsuite name="SampleTest" file="/var/www/html/piedranker/test/SampleTest.php" tests="7" assertions="13" errors="0" failures="0" skipped="0" time="0.027025">
      <testcase name="test_close_connection" class="SampleTest" classname="SampleTest" file="/var/www/html/piedranker/test/SampleTest.php" line="7" assertions="1" time="0.004266"/>
      <testcase name="test_get_data" class="SampleTest" classname="SampleTest" file="/var/www/html/piedranker/test/SampleTest.php" line="12" assertions="1" time="0.003254"/>
      <testcase name="test_get_assignments" class="SampleTest" classname="SampleTest" file="/var/www/html/piedranker/test/SampleTest.php" line="24" assertions="2" time="0.004510"/>
      <testcase name="test_get_formatted_assignments" class="SampleTest" classname="SampleTest" file="/var/www/html/piedranker/test/SampleTest.php" line="35" assertions="2" time="0.002460"/>
      <testcase name="test_get_assingment_data" class="SampleTest" classname="SampleTest" file="/var/www/html/piedranker/test/SampleTest.php" line="46" assertions="2" time="0.002478"/>
      <testcase name="test_get_submission_data" class="SampleTest" classname="SampleTest" file="/var/www/html/piedranker/test/SampleTest.php" line="58" assertions="2" time="0.004612"/>
      <testcase name="test_format_submission_data" class="SampleTest" classname="SampleTest" file="/var/www/html/piedranker/test/SampleTest.php" line="69" assertions="3" time="0.005445"/>
    </testsuite>
  </testsuite>
</testsuites>
